                                      1 ;--------------------------------------------------------
                                      2 ; File Created by SDCC : free open source ISO C Compiler 
                                      3 ; Version 4.4.1 #14650 (Linux)
                                      4 ;--------------------------------------------------------
                                      5 	.module dungeon_map
                                      6 	.optsdcc -msm83
                                      7 	
                                      8 ;--------------------------------------------------------
                                      9 ; Public variables in this module
                                     10 ;--------------------------------------------------------
                                     11 	.globl _dungeon_mapPLN0
                                     12 ;--------------------------------------------------------
                                     13 ; special function registers
                                     14 ;--------------------------------------------------------
                                     15 ;--------------------------------------------------------
                                     16 ; ram data
                                     17 ;--------------------------------------------------------
                                     18 	.area _DATA
                                     19 ;--------------------------------------------------------
                                     20 ; ram data
                                     21 ;--------------------------------------------------------
                                     22 	.area _INITIALIZED
                                     23 ;--------------------------------------------------------
                                     24 ; absolute external ram data
                                     25 ;--------------------------------------------------------
                                     26 	.area _DABS (ABS)
                                     27 ;--------------------------------------------------------
                                     28 ; global & static initialisations
                                     29 ;--------------------------------------------------------
                                     30 	.area _HOME
                                     31 	.area _GSINIT
                                     32 	.area _GSFINAL
                                     33 	.area _GSINIT
                                     34 ;--------------------------------------------------------
                                     35 ; Home
                                     36 ;--------------------------------------------------------
                                     37 	.area _HOME
                                     38 	.area _HOME
                                     39 ;--------------------------------------------------------
                                     40 ; code
                                     41 ;--------------------------------------------------------
                                     42 	.area _CODE
                                     43 	.area _CODE
    00000000                         44 _dungeon_mapPLN0:
    00000000 0A                      45 	.db #0x0a	; 10
    00000001 0B                      46 	.db #0x0b	; 11
    00000002 07                      47 	.db #0x07	; 7
    00000003 05                      48 	.db #0x05	; 5
    00000004 06                      49 	.db #0x06	; 6
    00000005 04                      50 	.db #0x04	; 4
    00000006 07                      51 	.db #0x07	; 7
    00000007 03                      52 	.db #0x03	; 3
    00000008 04                      53 	.db #0x04	; 4
    00000009 07                      54 	.db #0x07	; 7
    0000000A 03                      55 	.db #0x03	; 3
    0000000B 04                      56 	.db #0x04	; 4
    0000000C 07                      57 	.db #0x07	; 7
    0000000D 08                      58 	.db #0x08	; 8
    0000000E 09                      59 	.db #0x09	; 9
    0000000F 01                      60 	.db #0x01	; 1
    00000010 0A                      61 	.db #0x0a	; 10
    00000011 0B                      62 	.db #0x0b	; 11
    00000012 07                      63 	.db #0x07	; 7
    00000013 07                      64 	.db #0x07	; 7
    00000014 03                      65 	.db #0x03	; 3
    00000015 04                      66 	.db #0x04	; 4
    00000016 07                      67 	.db #0x07	; 7
    00000017 03                      68 	.db #0x03	; 3
    00000018 04                      69 	.db #0x04	; 4
    00000019 07                      70 	.db #0x07	; 7
    0000001A 03                      71 	.db #0x03	; 3
    0000001B 04                      72 	.db #0x04	; 4
    0000001C 03                      73 	.db #0x03	; 3
    0000001D 0C                      74 	.db #0x0c	; 12
    0000001E 08                      75 	.db #0x08	; 8
    0000001F 09                      76 	.db #0x09	; 9
    00000020 0D                      77 	.db #0x0d	; 13
    00000021 0E                      78 	.db #0x0e	; 14
    00000022 0F                      79 	.db #0x0f	; 15
    00000023 12                      80 	.db #0x12	; 18
    00000024 13                      81 	.db #0x13	; 19
    00000025 11                      82 	.db #0x11	; 17
    00000026 0F                      83 	.db #0x0f	; 15
    00000027 10                      84 	.db #0x10	; 16
    00000028 11                      85 	.db #0x11	; 17
    00000029 0F                      86 	.db #0x0f	; 15
    0000002A 10                      87 	.db #0x10	; 16
    0000002B 11                      88 	.db #0x11	; 17
    0000002C 0F                      89 	.db #0x0f	; 15
    0000002D 14                      90 	.db #0x14	; 20
    0000002E 15                      91 	.db #0x15	; 21
    0000002F 01                      92 	.db #0x01	; 1
    00000030 0D                      93 	.db #0x0d	; 13
    00000031 0E                      94 	.db #0x0e	; 14
    00000032 0F                      95 	.db #0x0f	; 15
    00000033 0F                      96 	.db #0x0f	; 15
    00000034 10                      97 	.db #0x10	; 16
    00000035 11                      98 	.db #0x11	; 17
    00000036 0F                      99 	.db #0x0f	; 15
    00000037 10                     100 	.db #0x10	; 16
    00000038 11                     101 	.db #0x11	; 17
    00000039 0F                     102 	.db #0x0f	; 15
    0000003A 10                     103 	.db #0x10	; 16
    0000003B 11                     104 	.db #0x11	; 17
    0000003C 10                     105 	.db #0x10	; 16
    0000003D 16                     106 	.db #0x16	; 22
    0000003E 14                     107 	.db #0x14	; 20
    0000003F 15                     108 	.db #0x15	; 21
    00000040 17                     109 	.db #0x17	; 23
    00000041 18                     110 	.db #0x18	; 24
    00000042 00                     111 	.db #0x00	; 0
    00000043 00                     112 	.db #0x00	; 0
    00000044 00                     113 	.db #0x00	; 0
    00000045 00                     114 	.db #0x00	; 0
    00000046 00                     115 	.db #0x00	; 0
    00000047 00                     116 	.db #0x00	; 0
    00000048 00                     117 	.db #0x00	; 0
    00000049 00                     118 	.db #0x00	; 0
    0000004A 00                     119 	.db #0x00	; 0
    0000004B 00                     120 	.db #0x00	; 0
    0000004C 00                     121 	.db #0x00	; 0
    0000004D 19                     122 	.db #0x19	; 25
    0000004E 1A                     123 	.db #0x1a	; 26
    0000004F 01                     124 	.db #0x01	; 1
    00000050 1B                     125 	.db #0x1b	; 27
    00000051 1C                     126 	.db #0x1c	; 28
    00000052 00                     127 	.db #0x00	; 0
    00000053 00                     128 	.db #0x00	; 0
    00000054 00                     129 	.db #0x00	; 0
    00000055 00                     130 	.db #0x00	; 0
    00000056 00                     131 	.db #0x00	; 0
    00000057 00                     132 	.db #0x00	; 0
    00000058 00                     133 	.db #0x00	; 0
    00000059 00                     134 	.db #0x00	; 0
    0000005A 00                     135 	.db #0x00	; 0
    0000005B 00                     136 	.db #0x00	; 0
    0000005C 00                     137 	.db #0x00	; 0
    0000005D 00                     138 	.db #0x00	; 0
    0000005E 1D                     139 	.db #0x1d	; 29
    0000005F 1E                     140 	.db #0x1e	; 30
    00000060 1F                     141 	.db #0x1f	; 31
    00000061 1C                     142 	.db #0x1c	; 28
    00000062 00                     143 	.db #0x00	; 0
    00000063 00                     144 	.db #0x00	; 0
    00000064 00                     145 	.db #0x00	; 0
    00000065 00                     146 	.db #0x00	; 0
    00000066 00                     147 	.db #0x00	; 0
    00000067 00                     148 	.db #0x00	; 0
    00000068 00                     149 	.db #0x00	; 0
    00000069 00                     150 	.db #0x00	; 0
    0000006A 00                     151 	.db #0x00	; 0
    0000006B 00                     152 	.db #0x00	; 0
    0000006C 00                     153 	.db #0x00	; 0
    0000006D 19                     154 	.db #0x19	; 25
    0000006E 1A                     155 	.db #0x1a	; 26
    0000006F 01                     156 	.db #0x01	; 1
    00000070 1F                     157 	.db #0x1f	; 31
    00000071 1C                     158 	.db #0x1c	; 28
    00000072 00                     159 	.db #0x00	; 0
    00000073 00                     160 	.db #0x00	; 0
    00000074 00                     161 	.db #0x00	; 0
    00000075 00                     162 	.db #0x00	; 0
    00000076 00                     163 	.db #0x00	; 0
    00000077 00                     164 	.db #0x00	; 0
    00000078 00                     165 	.db #0x00	; 0
    00000079 00                     166 	.db #0x00	; 0
    0000007A 00                     167 	.db #0x00	; 0
    0000007B 00                     168 	.db #0x00	; 0
    0000007C 00                     169 	.db #0x00	; 0
    0000007D 00                     170 	.db #0x00	; 0
    0000007E 19                     171 	.db #0x19	; 25
    0000007F 1A                     172 	.db #0x1a	; 26
    00000080 1B                     173 	.db #0x1b	; 27
    00000081 20                     174 	.db #0x20	; 32
    00000082 00                     175 	.db #0x00	; 0
    00000083 00                     176 	.db #0x00	; 0
    00000084 00                     177 	.db #0x00	; 0
    00000085 00                     178 	.db #0x00	; 0
    00000086 00                     179 	.db #0x00	; 0
    00000087 00                     180 	.db #0x00	; 0
    00000088 00                     181 	.db #0x00	; 0
    00000089 00                     182 	.db #0x00	; 0
    0000008A 00                     183 	.db #0x00	; 0
    0000008B 00                     184 	.db #0x00	; 0
    0000008C 00                     185 	.db #0x00	; 0
    0000008D 21                     186 	.db #0x21	; 33
    0000008E 22                     187 	.db #0x22	; 34
    0000008F 01                     188 	.db #0x01	; 1
    00000090 1F                     189 	.db #0x1f	; 31
    00000091 1C                     190 	.db #0x1c	; 28
    00000092 00                     191 	.db #0x00	; 0
    00000093 00                     192 	.db #0x00	; 0
    00000094 00                     193 	.db #0x00	; 0
    00000095 00                     194 	.db #0x00	; 0
    00000096 00                     195 	.db #0x00	; 0
    00000097 00                     196 	.db #0x00	; 0
    00000098 00                     197 	.db #0x00	; 0
    00000099 00                     198 	.db #0x00	; 0
    0000009A 00                     199 	.db #0x00	; 0
    0000009B 00                     200 	.db #0x00	; 0
    0000009C 00                     201 	.db #0x00	; 0
    0000009D 00                     202 	.db #0x00	; 0
    0000009E 21                     203 	.db #0x21	; 33
    0000009F 22                     204 	.db #0x22	; 34
    000000A0 1F                     205 	.db #0x1f	; 31
    000000A1 1C                     206 	.db #0x1c	; 28
    000000A2 00                     207 	.db #0x00	; 0
    000000A3 00                     208 	.db #0x00	; 0
    000000A4 00                     209 	.db #0x00	; 0
    000000A5 23                     210 	.db #0x23	; 35
    000000A6 24                     211 	.db #0x24	; 36
    000000A7 25                     212 	.db #0x25	; 37
    000000A8 24                     213 	.db #0x24	; 36
    000000A9 26                     214 	.db #0x26	; 38
    000000AA 00                     215 	.db #0x00	; 0
    000000AB 00                     216 	.db #0x00	; 0
    000000AC 00                     217 	.db #0x00	; 0
    000000AD 27                     218 	.db #0x27	; 39
    000000AE 28                     219 	.db #0x28	; 40
    000000AF 01                     220 	.db #0x01	; 1
    000000B0 17                     221 	.db #0x17	; 23
    000000B1 18                     222 	.db #0x18	; 24
    000000B2 00                     223 	.db #0x00	; 0
    000000B3 00                     224 	.db #0x00	; 0
    000000B4 00                     225 	.db #0x00	; 0
    000000B5 23                     226 	.db #0x23	; 35
    000000B6 24                     227 	.db #0x24	; 36
    000000B7 25                     228 	.db #0x25	; 37
    000000B8 24                     229 	.db #0x24	; 36
    000000B9 26                     230 	.db #0x26	; 38
    000000BA 00                     231 	.db #0x00	; 0
    000000BB 00                     232 	.db #0x00	; 0
    000000BC 00                     233 	.db #0x00	; 0
    000000BD 00                     234 	.db #0x00	; 0
    000000BE 27                     235 	.db #0x27	; 39
    000000BF 28                     236 	.db #0x28	; 40
    000000C0 17                     237 	.db #0x17	; 23
    000000C1 18                     238 	.db #0x18	; 24
    000000C2 00                     239 	.db #0x00	; 0
    000000C3 00                     240 	.db #0x00	; 0
    000000C4 00                     241 	.db #0x00	; 0
    000000C5 19                     242 	.db #0x19	; 25
    000000C6 2B                     243 	.db #0x2b	; 43
    000000C7 2C                     244 	.db #0x2c	; 44
    000000C8 2D                     245 	.db #0x2d	; 45
    000000C9 20                     246 	.db #0x20	; 32
    000000CA 00                     247 	.db #0x00	; 0
    000000CB 00                     248 	.db #0x00	; 0
    000000CC 00                     249 	.db #0x00	; 0
    000000CD 19                     250 	.db #0x19	; 25
    000000CE 1A                     251 	.db #0x1a	; 26
    000000CF 01                     252 	.db #0x01	; 1
    000000D0 1F                     253 	.db #0x1f	; 31
    000000D1 1C                     254 	.db #0x1c	; 28
    000000D2 00                     255 	.db #0x00	; 0
    000000D3 00                     256 	.db #0x00	; 0
    000000D4 00                     257 	.db #0x00	; 0
    000000D5 19                     258 	.db #0x19	; 25
    000000D6 2B                     259 	.db #0x2b	; 43
    000000D7 2C                     260 	.db #0x2c	; 44
    000000D8 2D                     261 	.db #0x2d	; 45
    000000D9 20                     262 	.db #0x20	; 32
    000000DA 00                     263 	.db #0x00	; 0
    000000DB 00                     264 	.db #0x00	; 0
    000000DC 00                     265 	.db #0x00	; 0
    000000DD 00                     266 	.db #0x00	; 0
    000000DE 19                     267 	.db #0x19	; 25
    000000DF 1A                     268 	.db #0x1a	; 26
    000000E0 1F                     269 	.db #0x1f	; 31
    000000E1 1C                     270 	.db #0x1c	; 28
    000000E2 00                     271 	.db #0x00	; 0
    000000E3 00                     272 	.db #0x00	; 0
    000000E4 00                     273 	.db #0x00	; 0
    000000E5 21                     274 	.db #0x21	; 33
    000000E6 22                     275 	.db #0x22	; 34
    000000E7 01                     276 	.db #0x01	; 1
    000000E8 1F                     277 	.db #0x1f	; 31
    000000E9 1C                     278 	.db #0x1c	; 28
    000000EA 00                     279 	.db #0x00	; 0
    000000EB 00                     280 	.db #0x00	; 0
    000000EC 00                     281 	.db #0x00	; 0
    000000ED 21                     282 	.db #0x21	; 33
    000000EE 15                     283 	.db #0x15	; 21
    000000EF 01                     284 	.db #0x01	; 1
    000000F0 0D                     285 	.db #0x0d	; 13
    000000F1 1C                     286 	.db #0x1c	; 28
    000000F2 00                     287 	.db #0x00	; 0
    000000F3 00                     288 	.db #0x00	; 0
    000000F4 00                     289 	.db #0x00	; 0
    000000F5 21                     290 	.db #0x21	; 33
    000000F6 22                     291 	.db #0x22	; 34
    000000F7 01                     292 	.db #0x01	; 1
    000000F8 1F                     293 	.db #0x1f	; 31
    000000F9 1C                     294 	.db #0x1c	; 28
    000000FA 00                     295 	.db #0x00	; 0
    000000FB 00                     296 	.db #0x00	; 0
    000000FC 00                     297 	.db #0x00	; 0
    000000FD 00                     298 	.db #0x00	; 0
    000000FE 21                     299 	.db #0x21	; 33
    000000FF 22                     300 	.db #0x22	; 34
    00000100 1B                     301 	.db #0x1b	; 27
    00000101 20                     302 	.db #0x20	; 32
    00000102 00                     303 	.db #0x00	; 0
    00000103 00                     304 	.db #0x00	; 0
    00000104 00                     305 	.db #0x00	; 0
    00000105 27                     306 	.db #0x27	; 39
    00000106 28                     307 	.db #0x28	; 40
    00000107 01                     308 	.db #0x01	; 1
    00000108 17                     309 	.db #0x17	; 23
    00000109 18                     310 	.db #0x18	; 24
    0000010A 00                     311 	.db #0x00	; 0
    0000010B 00                     312 	.db #0x00	; 0
    0000010C 00                     313 	.db #0x00	; 0
    0000010D 30                     314 	.db #0x30	; 48	'0'
    0000010E 31                     315 	.db #0x31	; 49	'1'
    0000010F 32                     316 	.db #0x32	; 50	'2'
    00000110 33                     317 	.db #0x33	; 51	'3'
    00000111 20                     318 	.db #0x20	; 32
    00000112 00                     319 	.db #0x00	; 0
    00000113 00                     320 	.db #0x00	; 0
    00000114 00                     321 	.db #0x00	; 0
    00000115 21                     322 	.db #0x21	; 33
    00000116 22                     323 	.db #0x22	; 34
    00000117 01                     324 	.db #0x01	; 1
    00000118 1F                     325 	.db #0x1f	; 31
    00000119 1C                     326 	.db #0x1c	; 28
    0000011A 00                     327 	.db #0x00	; 0
    0000011B 00                     328 	.db #0x00	; 0
    0000011C 00                     329 	.db #0x00	; 0
    0000011D 00                     330 	.db #0x00	; 0
    0000011E 19                     331 	.db #0x19	; 25
    0000011F 1A                     332 	.db #0x1a	; 26
    00000120 1F                     333 	.db #0x1f	; 31
    00000121 1C                     334 	.db #0x1c	; 28
    00000122 00                     335 	.db #0x00	; 0
    00000123 00                     336 	.db #0x00	; 0
    00000124 00                     337 	.db #0x00	; 0
    00000125 19                     338 	.db #0x19	; 25
    00000126 1A                     339 	.db #0x1a	; 26
    00000127 01                     340 	.db #0x01	; 1
    00000128 1F                     341 	.db #0x1f	; 31
    00000129 1C                     342 	.db #0x1c	; 28
    0000012A 00                     343 	.db #0x00	; 0
    0000012B 00                     344 	.db #0x00	; 0
    0000012C 00                     345 	.db #0x00	; 0
    0000012D 34                     346 	.db #0x34	; 52	'4'
    0000012E 35                     347 	.db #0x35	; 53	'5'
    0000012F 0F                     348 	.db #0x0f	; 15
    00000130 10                     349 	.db #0x10	; 16
    00000131 36                     350 	.db #0x36	; 54	'6'
    00000132 00                     351 	.db #0x00	; 0
    00000133 00                     352 	.db #0x00	; 0
    00000134 00                     353 	.db #0x00	; 0
    00000135 27                     354 	.db #0x27	; 39
    00000136 28                     355 	.db #0x28	; 40
    00000137 01                     356 	.db #0x01	; 1
    00000138 17                     357 	.db #0x17	; 23
    00000139 18                     358 	.db #0x18	; 24
    0000013A 00                     359 	.db #0x00	; 0
    0000013B 00                     360 	.db #0x00	; 0
    0000013C 00                     361 	.db #0x00	; 0
    0000013D 00                     362 	.db #0x00	; 0
    0000013E 21                     363 	.db #0x21	; 33
    0000013F 22                     364 	.db #0x22	; 34
    00000140 1F                     365 	.db #0x1f	; 31
    00000141 1C                     366 	.db #0x1c	; 28
    00000142 00                     367 	.db #0x00	; 0
    00000143 00                     368 	.db #0x00	; 0
    00000144 00                     369 	.db #0x00	; 0
    00000145 21                     370 	.db #0x21	; 33
    00000146 22                     371 	.db #0x22	; 34
    00000147 01                     372 	.db #0x01	; 1
    00000148 1B                     373 	.db #0x1b	; 27
    00000149 20                     374 	.db #0x20	; 32
    0000014A 00                     375 	.db #0x00	; 0
    0000014B 00                     376 	.db #0x00	; 0
    0000014C 00                     377 	.db #0x00	; 0
    0000014D 00                     378 	.db #0x00	; 0
    0000014E 00                     379 	.db #0x00	; 0
    0000014F 00                     380 	.db #0x00	; 0
    00000150 00                     381 	.db #0x00	; 0
    00000151 00                     382 	.db #0x00	; 0
    00000152 00                     383 	.db #0x00	; 0
    00000153 00                     384 	.db #0x00	; 0
    00000154 00                     385 	.db #0x00	; 0
    00000155 19                     386 	.db #0x19	; 25
    00000156 1A                     387 	.db #0x1a	; 26
    00000157 01                     388 	.db #0x01	; 1
    00000158 1F                     389 	.db #0x1f	; 31
    00000159 1C                     390 	.db #0x1c	; 28
    0000015A 00                     391 	.db #0x00	; 0
    0000015B 00                     392 	.db #0x00	; 0
    0000015C 00                     393 	.db #0x00	; 0
    0000015D 00                     394 	.db #0x00	; 0
    0000015E 19                     395 	.db #0x19	; 25
    0000015F 1A                     396 	.db #0x1a	; 26
    00000160 1F                     397 	.db #0x1f	; 31
    00000161 1C                     398 	.db #0x1c	; 28
    00000162 00                     399 	.db #0x00	; 0
    00000163 00                     400 	.db #0x00	; 0
    00000164 00                     401 	.db #0x00	; 0
    00000165 19                     402 	.db #0x19	; 25
    00000166 1A                     403 	.db #0x1a	; 26
    00000167 01                     404 	.db #0x01	; 1
    00000168 1F                     405 	.db #0x1f	; 31
    00000169 1C                     406 	.db #0x1c	; 28
    0000016A 00                     407 	.db #0x00	; 0
    0000016B 00                     408 	.db #0x00	; 0
    0000016C 00                     409 	.db #0x00	; 0
    0000016D 00                     410 	.db #0x00	; 0
    0000016E 00                     411 	.db #0x00	; 0
    0000016F 00                     412 	.db #0x00	; 0
    00000170 00                     413 	.db #0x00	; 0
    00000171 00                     414 	.db #0x00	; 0
    00000172 00                     415 	.db #0x00	; 0
    00000173 00                     416 	.db #0x00	; 0
    00000174 00                     417 	.db #0x00	; 0
    00000175 21                     418 	.db #0x21	; 33
    00000176 22                     419 	.db #0x22	; 34
    00000177 01                     420 	.db #0x01	; 1
    00000178 1B                     421 	.db #0x1b	; 27
    00000179 20                     422 	.db #0x20	; 32
    0000017A 00                     423 	.db #0x00	; 0
    0000017B 00                     424 	.db #0x00	; 0
    0000017C 00                     425 	.db #0x00	; 0
    0000017D 00                     426 	.db #0x00	; 0
    0000017E 21                     427 	.db #0x21	; 33
    0000017F 22                     428 	.db #0x22	; 34
    00000180 1B                     429 	.db #0x1b	; 27
    00000181 20                     430 	.db #0x20	; 32
    00000182 00                     431 	.db #0x00	; 0
    00000183 00                     432 	.db #0x00	; 0
    00000184 00                     433 	.db #0x00	; 0
    00000185 21                     434 	.db #0x21	; 33
    00000186 22                     435 	.db #0x22	; 34
    00000187 01                     436 	.db #0x01	; 1
    00000188 1F                     437 	.db #0x1f	; 31
    00000189 1C                     438 	.db #0x1c	; 28
    0000018A 00                     439 	.db #0x00	; 0
    0000018B 00                     440 	.db #0x00	; 0
    0000018C 00                     441 	.db #0x00	; 0
    0000018D 00                     442 	.db #0x00	; 0
    0000018E 00                     443 	.db #0x00	; 0
    0000018F 00                     444 	.db #0x00	; 0
    00000190 00                     445 	.db #0x00	; 0
    00000191 00                     446 	.db #0x00	; 0
    00000192 00                     447 	.db #0x00	; 0
    00000193 00                     448 	.db #0x00	; 0
    00000194 00                     449 	.db #0x00	; 0
    00000195 19                     450 	.db #0x19	; 25
    00000196 1A                     451 	.db #0x1a	; 26
    00000197 01                     452 	.db #0x01	; 1
    00000198 1F                     453 	.db #0x1f	; 31
    00000199 1C                     454 	.db #0x1c	; 28
    0000019A 00                     455 	.db #0x00	; 0
    0000019B 00                     456 	.db #0x00	; 0
    0000019C 00                     457 	.db #0x00	; 0
    0000019D 00                     458 	.db #0x00	; 0
    0000019E 27                     459 	.db #0x27	; 39
    0000019F 28                     460 	.db #0x28	; 40
    000001A0 1F                     461 	.db #0x1f	; 31
    000001A1 1C                     462 	.db #0x1c	; 28
    000001A2 00                     463 	.db #0x00	; 0
    000001A3 00                     464 	.db #0x00	; 0
    000001A4 00                     465 	.db #0x00	; 0
    000001A5 19                     466 	.db #0x19	; 25
    000001A6 1A                     467 	.db #0x1a	; 26
    000001A7 01                     468 	.db #0x01	; 1
    000001A8 37                     469 	.db #0x37	; 55	'7'
    000001A9 38                     470 	.db #0x38	; 56	'8'
    000001AA 24                     471 	.db #0x24	; 36
    000001AB 26                     472 	.db #0x26	; 38
    000001AC 00                     473 	.db #0x00	; 0
    000001AD 00                     474 	.db #0x00	; 0
    000001AE 00                     475 	.db #0x00	; 0
    000001AF 23                     476 	.db #0x23	; 35
    000001B0 24                     477 	.db #0x24	; 36
    000001B1 24                     478 	.db #0x24	; 36
    000001B2 25                     479 	.db #0x25	; 37
    000001B3 24                     480 	.db #0x24	; 36
    000001B4 39                     481 	.db #0x39	; 57	'9'
    000001B5 3A                     482 	.db #0x3a	; 58
    000001B6 3B                     483 	.db #0x3b	; 59
    000001B7 01                     484 	.db #0x01	; 1
    000001B8 1F                     485 	.db #0x1f	; 31
    000001B9 1C                     486 	.db #0x1c	; 28
    000001BA 00                     487 	.db #0x00	; 0
    000001BB 00                     488 	.db #0x00	; 0
    000001BC 00                     489 	.db #0x00	; 0
    000001BD 00                     490 	.db #0x00	; 0
    000001BE 19                     491 	.db #0x19	; 25
    000001BF 1A                     492 	.db #0x1a	; 26
    000001C0 1B                     493 	.db #0x1b	; 27
    000001C1 20                     494 	.db #0x20	; 32
    000001C2 00                     495 	.db #0x00	; 0
    000001C3 00                     496 	.db #0x00	; 0
    000001C4 00                     497 	.db #0x00	; 0
    000001C5 21                     498 	.db #0x21	; 33
    000001C6 22                     499 	.db #0x22	; 34
    000001C7 01                     500 	.db #0x01	; 1
    000001C8 3C                     501 	.db #0x3c	; 60
    000001C9 3D                     502 	.db #0x3d	; 61
    000001CA 2D                     503 	.db #0x2d	; 45
    000001CB 20                     504 	.db #0x20	; 32
    000001CC 00                     505 	.db #0x00	; 0
    000001CD 00                     506 	.db #0x00	; 0
    000001CE 00                     507 	.db #0x00	; 0
    000001CF 19                     508 	.db #0x19	; 25
    000001D0 2B                     509 	.db #0x2b	; 43
    000001D1 3E                     510 	.db #0x3e	; 62
    000001D2 3F                     511 	.db #0x3f	; 63
    000001D3 3E                     512 	.db #0x3e	; 62
    000001D4 40                     513 	.db #0x40	; 64
    000001D5 41                     514 	.db #0x41	; 65	'A'
    000001D6 42                     515 	.db #0x42	; 66	'B'
    000001D7 01                     516 	.db #0x01	; 1
    000001D8 1B                     517 	.db #0x1b	; 27
    000001D9 20                     518 	.db #0x20	; 32
    000001DA 00                     519 	.db #0x00	; 0
    000001DB 00                     520 	.db #0x00	; 0
    000001DC 00                     521 	.db #0x00	; 0
    000001DD 00                     522 	.db #0x00	; 0
    000001DE 21                     523 	.db #0x21	; 33
    000001DF 22                     524 	.db #0x22	; 34
    000001E0 1F                     525 	.db #0x1f	; 31
    000001E1 1C                     526 	.db #0x1c	; 28
    000001E2 00                     527 	.db #0x00	; 0
    000001E3 00                     528 	.db #0x00	; 0
    000001E4 00                     529 	.db #0x00	; 0
    000001E5 27                     530 	.db #0x27	; 39
    000001E6 15                     531 	.db #0x15	; 21
    000001E7 01                     532 	.db #0x01	; 1
    000001E8 01                     533 	.db #0x01	; 1
    000001E9 01                     534 	.db #0x01	; 1
    000001EA 1F                     535 	.db #0x1f	; 31
    000001EB 1C                     536 	.db #0x1c	; 28
    000001EC 00                     537 	.db #0x00	; 0
    000001ED 00                     538 	.db #0x00	; 0
    000001EE 00                     539 	.db #0x00	; 0
    000001EF 21                     540 	.db #0x21	; 33
    000001F0 22                     541 	.db #0x22	; 34
    000001F1 01                     542 	.db #0x01	; 1
    000001F2 01                     543 	.db #0x01	; 1
    000001F3 01                     544 	.db #0x01	; 1
    000001F4 01                     545 	.db #0x01	; 1
    000001F5 01                     546 	.db #0x01	; 1
    000001F6 01                     547 	.db #0x01	; 1
    000001F7 01                     548 	.db #0x01	; 1
    000001F8 0D                     549 	.db #0x0d	; 13
    000001F9 20                     550 	.db #0x20	; 32
    000001FA 00                     551 	.db #0x00	; 0
    000001FB 00                     552 	.db #0x00	; 0
    000001FC 00                     553 	.db #0x00	; 0
    000001FD 00                     554 	.db #0x00	; 0
    000001FE 19                     555 	.db #0x19	; 25
    000001FF 1A                     556 	.db #0x1a	; 26
    00000200 1F                     557 	.db #0x1f	; 31
    00000201 1C                     558 	.db #0x1c	; 28
    00000202 00                     559 	.db #0x00	; 0
    00000203 00                     560 	.db #0x00	; 0
    00000204 00                     561 	.db #0x00	; 0
    00000205 30                     562 	.db #0x30	; 48	'0'
    00000206 31                     563 	.db #0x31	; 49	'1'
    00000207 0B                     564 	.db #0x0b	; 11
    00000208 03                     565 	.db #0x03	; 3
    00000209 07                     566 	.db #0x07	; 7
    0000020A 33                     567 	.db #0x33	; 51	'3'
    0000020B 20                     568 	.db #0x20	; 32
    0000020C 00                     569 	.db #0x00	; 0
    0000020D 00                     570 	.db #0x00	; 0
    0000020E 00                     571 	.db #0x00	; 0
    0000020F 30                     572 	.db #0x30	; 48	'0'
    00000210 31                     573 	.db #0x31	; 49	'1'
    00000211 08                     574 	.db #0x08	; 8
    00000212 09                     575 	.db #0x09	; 9
    00000213 01                     576 	.db #0x01	; 1
    00000214 0A                     577 	.db #0x0a	; 10
    00000215 0B                     578 	.db #0x0b	; 11
    00000216 07                     579 	.db #0x07	; 7
    00000217 0B                     580 	.db #0x0b	; 11
    00000218 33                     581 	.db #0x33	; 51	'3'
    00000219 20                     582 	.db #0x20	; 32
    0000021A 00                     583 	.db #0x00	; 0
    0000021B 00                     584 	.db #0x00	; 0
    0000021C 00                     585 	.db #0x00	; 0
    0000021D 00                     586 	.db #0x00	; 0
    0000021E 21                     587 	.db #0x21	; 33
    0000021F 22                     588 	.db #0x22	; 34
    00000220 1F                     589 	.db #0x1f	; 31
    00000221 1C                     590 	.db #0x1c	; 28
    00000222 00                     591 	.db #0x00	; 0
    00000223 00                     592 	.db #0x00	; 0
    00000224 00                     593 	.db #0x00	; 0
    00000225 34                     594 	.db #0x34	; 52	'4'
    00000226 35                     595 	.db #0x35	; 53	'5'
    00000227 0F                     596 	.db #0x0f	; 15
    00000228 10                     597 	.db #0x10	; 16
    00000229 0F                     598 	.db #0x0f	; 15
    0000022A 10                     599 	.db #0x10	; 16
    0000022B 36                     600 	.db #0x36	; 54	'6'
    0000022C 00                     601 	.db #0x00	; 0
    0000022D 00                     602 	.db #0x00	; 0
    0000022E 00                     603 	.db #0x00	; 0
    0000022F 34                     604 	.db #0x34	; 52	'4'
    00000230 35                     605 	.db #0x35	; 53	'5'
    00000231 14                     606 	.db #0x14	; 20
    00000232 15                     607 	.db #0x15	; 21
    00000233 01                     608 	.db #0x01	; 1
    00000234 0D                     609 	.db #0x0d	; 13
    00000235 0E                     610 	.db #0x0e	; 14
    00000236 0F                     611 	.db #0x0f	; 15
    00000237 0F                     612 	.db #0x0f	; 15
    00000238 10                     613 	.db #0x10	; 16
    00000239 36                     614 	.db #0x36	; 54	'6'
    0000023A 00                     615 	.db #0x00	; 0
    0000023B 00                     616 	.db #0x00	; 0
    0000023C 00                     617 	.db #0x00	; 0
    0000023D 00                     618 	.db #0x00	; 0
    0000023E 19                     619 	.db #0x19	; 25
    0000023F 22                     620 	.db #0x22	; 34
    00000240 29                     621 	.db #0x29	; 41
    00000241 2A                     622 	.db #0x2a	; 42
    00000242 00                     623 	.db #0x00	; 0
    00000243 00                     624 	.db #0x00	; 0
    00000244 00                     625 	.db #0x00	; 0
    00000245 00                     626 	.db #0x00	; 0
    00000246 00                     627 	.db #0x00	; 0
    00000247 00                     628 	.db #0x00	; 0
    00000248 00                     629 	.db #0x00	; 0
    00000249 00                     630 	.db #0x00	; 0
    0000024A 00                     631 	.db #0x00	; 0
    0000024B 00                     632 	.db #0x00	; 0
    0000024C 00                     633 	.db #0x00	; 0
    0000024D 00                     634 	.db #0x00	; 0
    0000024E 00                     635 	.db #0x00	; 0
    0000024F 00                     636 	.db #0x00	; 0
    00000250 00                     637 	.db #0x00	; 0
    00000251 19                     638 	.db #0x19	; 25
    00000252 1A                     639 	.db #0x1a	; 26
    00000253 01                     640 	.db #0x01	; 1
    00000254 1F                     641 	.db #0x1f	; 31
    00000255 1C                     642 	.db #0x1c	; 28
    00000256 00                     643 	.db #0x00	; 0
    00000257 00                     644 	.db #0x00	; 0
    00000258 00                     645 	.db #0x00	; 0
    00000259 00                     646 	.db #0x00	; 0
    0000025A 00                     647 	.db #0x00	; 0
    0000025B 00                     648 	.db #0x00	; 0
    0000025C 00                     649 	.db #0x00	; 0
    0000025D 00                     650 	.db #0x00	; 0
    0000025E 43                     651 	.db #0x43	; 67	'C'
    0000025F 44                     652 	.db #0x44	; 68	'D'
    00000260 2E                     653 	.db #0x2e	; 46
    00000261 2F                     654 	.db #0x2f	; 47
    00000262 00                     655 	.db #0x00	; 0
    00000263 00                     656 	.db #0x00	; 0
    00000264 00                     657 	.db #0x00	; 0
    00000265 00                     658 	.db #0x00	; 0
    00000266 00                     659 	.db #0x00	; 0
    00000267 00                     660 	.db #0x00	; 0
    00000268 00                     661 	.db #0x00	; 0
    00000269 00                     662 	.db #0x00	; 0
    0000026A 00                     663 	.db #0x00	; 0
    0000026B 00                     664 	.db #0x00	; 0
    0000026C 00                     665 	.db #0x00	; 0
    0000026D 00                     666 	.db #0x00	; 0
    0000026E 00                     667 	.db #0x00	; 0
    0000026F 00                     668 	.db #0x00	; 0
    00000270 00                     669 	.db #0x00	; 0
    00000271 19                     670 	.db #0x19	; 25
    00000272 1A                     671 	.db #0x1a	; 26
    00000273 01                     672 	.db #0x01	; 1
    00000274 1F                     673 	.db #0x1f	; 31
    00000275 1C                     674 	.db #0x1c	; 28
    00000276 00                     675 	.db #0x00	; 0
    00000277 00                     676 	.db #0x00	; 0
    00000278 00                     677 	.db #0x00	; 0
    00000279 00                     678 	.db #0x00	; 0
    0000027A 00                     679 	.db #0x00	; 0
    0000027B 00                     680 	.db #0x00	; 0
    0000027C 00                     681 	.db #0x00	; 0
    0000027D 00                     682 	.db #0x00	; 0
    0000027E 45                     683 	.db #0x45	; 69	'E'
    0000027F 46                     684 	.db #0x46	; 70	'F'
    00000280 1B                     685 	.db #0x1b	; 27
    00000281 20                     686 	.db #0x20	; 32
    00000282 00                     687 	.db #0x00	; 0
    00000283 00                     688 	.db #0x00	; 0
    00000284 00                     689 	.db #0x00	; 0
    00000285 00                     690 	.db #0x00	; 0
    00000286 00                     691 	.db #0x00	; 0
    00000287 00                     692 	.db #0x00	; 0
    00000288 00                     693 	.db #0x00	; 0
    00000289 00                     694 	.db #0x00	; 0
    0000028A 00                     695 	.db #0x00	; 0
    0000028B 00                     696 	.db #0x00	; 0
    0000028C 00                     697 	.db #0x00	; 0
    0000028D 00                     698 	.db #0x00	; 0
    0000028E 00                     699 	.db #0x00	; 0
    0000028F 00                     700 	.db #0x00	; 0
    00000290 00                     701 	.db #0x00	; 0
    00000291 30                     702 	.db #0x30	; 48	'0'
    00000292 31                     703 	.db #0x31	; 49	'1'
    00000293 32                     704 	.db #0x32	; 50	'2'
    00000294 33                     705 	.db #0x33	; 51	'3'
    00000295 20                     706 	.db #0x20	; 32
    00000296 00                     707 	.db #0x00	; 0
    00000297 00                     708 	.db #0x00	; 0
    00000298 00                     709 	.db #0x00	; 0
    00000299 00                     710 	.db #0x00	; 0
    0000029A 00                     711 	.db #0x00	; 0
    0000029B 00                     712 	.db #0x00	; 0
    0000029C 00                     713 	.db #0x00	; 0
    0000029D 00                     714 	.db #0x00	; 0
    0000029E 21                     715 	.db #0x21	; 33
    0000029F 22                     716 	.db #0x22	; 34
    000002A0 37                     717 	.db #0x37	; 55	'7'
    000002A1 38                     718 	.db #0x38	; 56	'8'
    000002A2 24                     719 	.db #0x24	; 36
    000002A3 24                     720 	.db #0x24	; 36
    000002A4 24                     721 	.db #0x24	; 36
    000002A5 24                     722 	.db #0x24	; 36
    000002A6 24                     723 	.db #0x24	; 36
    000002A7 25                     724 	.db #0x25	; 37
    000002A8 24                     725 	.db #0x24	; 36
    000002A9 39                     726 	.db #0x39	; 57	'9'
    000002AA 24                     727 	.db #0x24	; 36
    000002AB 25                     728 	.db #0x25	; 37
    000002AC 24                     729 	.db #0x24	; 36
    000002AD 26                     730 	.db #0x26	; 38
    000002AE 00                     731 	.db #0x00	; 0
    000002AF 00                     732 	.db #0x00	; 0
    000002B0 00                     733 	.db #0x00	; 0
    000002B1 34                     734 	.db #0x34	; 52	'4'
    000002B2 35                     735 	.db #0x35	; 53	'5'
    000002B3 0F                     736 	.db #0x0f	; 15
    000002B4 10                     737 	.db #0x10	; 16
    000002B5 36                     738 	.db #0x36	; 54	'6'
    000002B6 00                     739 	.db #0x00	; 0
    000002B7 00                     740 	.db #0x00	; 0
    000002B8 00                     741 	.db #0x00	; 0
    000002B9 23                     742 	.db #0x23	; 35
    000002BA 24                     743 	.db #0x24	; 36
    000002BB 24                     744 	.db #0x24	; 36
    000002BC 24                     745 	.db #0x24	; 36
    000002BD 24                     746 	.db #0x24	; 36
    000002BE 3A                     747 	.db #0x3a	; 58
    000002BF 3B                     748 	.db #0x3b	; 59
    000002C0 3C                     749 	.db #0x3c	; 60
    000002C1 3D                     750 	.db #0x3d	; 61
    000002C2 3E                     751 	.db #0x3e	; 62
    000002C3 3E                     752 	.db #0x3e	; 62
    000002C4 3E                     753 	.db #0x3e	; 62
    000002C5 3E                     754 	.db #0x3e	; 62
    000002C6 3E                     755 	.db #0x3e	; 62
    000002C7 3F                     756 	.db #0x3f	; 63
    000002C8 3E                     757 	.db #0x3e	; 62
    000002C9 40                     758 	.db #0x40	; 64
    000002CA 3E                     759 	.db #0x3e	; 62
    000002CB 2C                     760 	.db #0x2c	; 44
    000002CC 2D                     761 	.db #0x2d	; 45
    000002CD 20                     762 	.db #0x20	; 32
    000002CE 00                     763 	.db #0x00	; 0
    000002CF 00                     764 	.db #0x00	; 0
    000002D0 00                     765 	.db #0x00	; 0
    000002D1 00                     766 	.db #0x00	; 0
    000002D2 00                     767 	.db #0x00	; 0
    000002D3 00                     768 	.db #0x00	; 0
    000002D4 00                     769 	.db #0x00	; 0
    000002D5 00                     770 	.db #0x00	; 0
    000002D6 00                     771 	.db #0x00	; 0
    000002D7 00                     772 	.db #0x00	; 0
    000002D8 00                     773 	.db #0x00	; 0
    000002D9 19                     774 	.db #0x19	; 25
    000002DA 2B                     775 	.db #0x2b	; 43
    000002DB 41                     776 	.db #0x41	; 65	'A'
    000002DC 3E                     777 	.db #0x3e	; 62
    000002DD 3E                     778 	.db #0x3e	; 62
    000002DE 41                     779 	.db #0x41	; 65	'A'
    000002DF 42                     780 	.db #0x42	; 66	'B'
    000002E0 01                     781 	.db #0x01	; 1
    000002E1 01                     782 	.db #0x01	; 1
    000002E2 01                     783 	.db #0x01	; 1
    000002E3 01                     784 	.db #0x01	; 1
    000002E4 01                     785 	.db #0x01	; 1
    000002E5 01                     786 	.db #0x01	; 1
    000002E6 01                     787 	.db #0x01	; 1
    000002E7 01                     788 	.db #0x01	; 1
    000002E8 01                     789 	.db #0x01	; 1
    000002E9 01                     790 	.db #0x01	; 1
    000002EA 01                     791 	.db #0x01	; 1
    000002EB 01                     792 	.db #0x01	; 1
    000002EC 1F                     793 	.db #0x1f	; 31
    000002ED 1C                     794 	.db #0x1c	; 28
    000002EE 00                     795 	.db #0x00	; 0
    000002EF 00                     796 	.db #0x00	; 0
    000002F0 00                     797 	.db #0x00	; 0
    000002F1 00                     798 	.db #0x00	; 0
    000002F2 00                     799 	.db #0x00	; 0
    000002F3 00                     800 	.db #0x00	; 0
    000002F4 00                     801 	.db #0x00	; 0
    000002F5 00                     802 	.db #0x00	; 0
    000002F6 00                     803 	.db #0x00	; 0
    000002F7 00                     804 	.db #0x00	; 0
    000002F8 00                     805 	.db #0x00	; 0
    000002F9 21                     806 	.db #0x21	; 33
    000002FA 22                     807 	.db #0x22	; 34
    000002FB 01                     808 	.db #0x01	; 1
    000002FC 01                     809 	.db #0x01	; 1
    000002FD 01                     810 	.db #0x01	; 1
    000002FE 01                     811 	.db #0x01	; 1
    000002FF 01                     812 	.db #0x01	; 1
    00000300 0A                     813 	.db #0x0a	; 10
    00000301 0B                     814 	.db #0x0b	; 11
    00000302 07                     815 	.db #0x07	; 7
    00000303 03                     816 	.db #0x03	; 3
    00000304 07                     817 	.db #0x07	; 7
    00000305 03                     818 	.db #0x03	; 3
    00000306 04                     819 	.db #0x04	; 4
    00000307 07                     820 	.db #0x07	; 7
    00000308 03                     821 	.db #0x03	; 3
    00000309 04                     822 	.db #0x04	; 4
    0000030A 0B                     823 	.db #0x0b	; 11
    0000030B 0B                     824 	.db #0x0b	; 11
    0000030C 33                     825 	.db #0x33	; 51	'3'
    0000030D 20                     826 	.db #0x20	; 32
    0000030E 00                     827 	.db #0x00	; 0
    0000030F 00                     828 	.db #0x00	; 0
    00000310 00                     829 	.db #0x00	; 0
    00000311 00                     830 	.db #0x00	; 0
    00000312 00                     831 	.db #0x00	; 0
    00000313 00                     832 	.db #0x00	; 0
    00000314 00                     833 	.db #0x00	; 0
    00000315 00                     834 	.db #0x00	; 0
    00000316 00                     835 	.db #0x00	; 0
    00000317 00                     836 	.db #0x00	; 0
    00000318 00                     837 	.db #0x00	; 0
    00000319 30                     838 	.db #0x30	; 48	'0'
    0000031A 31                     839 	.db #0x31	; 49	'1'
    0000031B 0B                     840 	.db #0x0b	; 11
    0000031C 07                     841 	.db #0x07	; 7
    0000031D 03                     842 	.db #0x03	; 3
    0000031E 08                     843 	.db #0x08	; 8
    0000031F 09                     844 	.db #0x09	; 9
    00000320 0D                     845 	.db #0x0d	; 13
    00000321 0E                     846 	.db #0x0e	; 14
    00000322 0F                     847 	.db #0x0f	; 15
    00000323 10                     848 	.db #0x10	; 16
    00000324 0F                     849 	.db #0x0f	; 15
    00000325 10                     850 	.db #0x10	; 16
    00000326 11                     851 	.db #0x11	; 17
    00000327 0F                     852 	.db #0x0f	; 15
    00000328 10                     853 	.db #0x10	; 16
    00000329 11                     854 	.db #0x11	; 17
    0000032A 10                     855 	.db #0x10	; 16
    0000032B 0F                     856 	.db #0x0f	; 15
    0000032C 10                     857 	.db #0x10	; 16
    0000032D 36                     858 	.db #0x36	; 54	'6'
    0000032E 00                     859 	.db #0x00	; 0
    0000032F 00                     860 	.db #0x00	; 0
    00000330 00                     861 	.db #0x00	; 0
    00000331 23                     862 	.db #0x23	; 35
    00000332 24                     863 	.db #0x24	; 36
    00000333 25                     864 	.db #0x25	; 37
    00000334 24                     865 	.db #0x24	; 36
    00000335 26                     866 	.db #0x26	; 38
    00000336 00                     867 	.db #0x00	; 0
    00000337 00                     868 	.db #0x00	; 0
    00000338 00                     869 	.db #0x00	; 0
    00000339 34                     870 	.db #0x34	; 52	'4'
    0000033A 35                     871 	.db #0x35	; 53	'5'
    0000033B 10                     872 	.db #0x10	; 16
    0000033C 0F                     873 	.db #0x0f	; 15
    0000033D 10                     874 	.db #0x10	; 16
    0000033E 14                     875 	.db #0x14	; 20
    0000033F 15                     876 	.db #0x15	; 21
    00000340 1F                     877 	.db #0x1f	; 31
    00000341 1C                     878 	.db #0x1c	; 28
    00000342 00                     879 	.db #0x00	; 0
    00000343 00                     880 	.db #0x00	; 0
    00000344 00                     881 	.db #0x00	; 0
    00000345 00                     882 	.db #0x00	; 0
    00000346 00                     883 	.db #0x00	; 0
    00000347 00                     884 	.db #0x00	; 0
    00000348 00                     885 	.db #0x00	; 0
    00000349 00                     886 	.db #0x00	; 0
    0000034A 00                     887 	.db #0x00	; 0
    0000034B 00                     888 	.db #0x00	; 0
    0000034C 00                     889 	.db #0x00	; 0
    0000034D 00                     890 	.db #0x00	; 0
    0000034E 00                     891 	.db #0x00	; 0
    0000034F 00                     892 	.db #0x00	; 0
    00000350 00                     893 	.db #0x00	; 0
    00000351 19                     894 	.db #0x19	; 25
    00000352 2B                     895 	.db #0x2b	; 43
    00000353 2C                     896 	.db #0x2c	; 44
    00000354 2D                     897 	.db #0x2d	; 45
    00000355 20                     898 	.db #0x20	; 32
    00000356 00                     899 	.db #0x00	; 0
    00000357 00                     900 	.db #0x00	; 0
    00000358 00                     901 	.db #0x00	; 0
    00000359 00                     902 	.db #0x00	; 0
    0000035A 00                     903 	.db #0x00	; 0
    0000035B 00                     904 	.db #0x00	; 0
    0000035C 00                     905 	.db #0x00	; 0
    0000035D 00                     906 	.db #0x00	; 0
    0000035E 27                     907 	.db #0x27	; 39
    0000035F 28                     908 	.db #0x28	; 40
    00000360 1F                     909 	.db #0x1f	; 31
    00000361 1C                     910 	.db #0x1c	; 28
    00000362 00                     911 	.db #0x00	; 0
    00000363 00                     912 	.db #0x00	; 0
    00000364 00                     913 	.db #0x00	; 0
    00000365 00                     914 	.db #0x00	; 0
    00000366 00                     915 	.db #0x00	; 0
    00000367 00                     916 	.db #0x00	; 0
    00000368 00                     917 	.db #0x00	; 0
    00000369 00                     918 	.db #0x00	; 0
    0000036A 00                     919 	.db #0x00	; 0
    0000036B 00                     920 	.db #0x00	; 0
    0000036C 00                     921 	.db #0x00	; 0
    0000036D 00                     922 	.db #0x00	; 0
    0000036E 00                     923 	.db #0x00	; 0
    0000036F 00                     924 	.db #0x00	; 0
    00000370 00                     925 	.db #0x00	; 0
    00000371 27                     926 	.db #0x27	; 39
    00000372 28                     927 	.db #0x28	; 40
    00000373 01                     928 	.db #0x01	; 1
    00000374 17                     929 	.db #0x17	; 23
    00000375 18                     930 	.db #0x18	; 24
    00000376 00                     931 	.db #0x00	; 0
    00000377 00                     932 	.db #0x00	; 0
    00000378 00                     933 	.db #0x00	; 0
    00000379 00                     934 	.db #0x00	; 0
    0000037A 00                     935 	.db #0x00	; 0
    0000037B 00                     936 	.db #0x00	; 0
    0000037C 00                     937 	.db #0x00	; 0
    0000037D 00                     938 	.db #0x00	; 0
    0000037E 19                     939 	.db #0x19	; 25
    0000037F 1A                     940 	.db #0x1a	; 26
    00000380 1B                     941 	.db #0x1b	; 27
    00000381 20                     942 	.db #0x20	; 32
    00000382 00                     943 	.db #0x00	; 0
    00000383 00                     944 	.db #0x00	; 0
    00000384 00                     945 	.db #0x00	; 0
    00000385 00                     946 	.db #0x00	; 0
    00000386 00                     947 	.db #0x00	; 0
    00000387 00                     948 	.db #0x00	; 0
    00000388 00                     949 	.db #0x00	; 0
    00000389 00                     950 	.db #0x00	; 0
    0000038A 00                     951 	.db #0x00	; 0
    0000038B 00                     952 	.db #0x00	; 0
    0000038C 00                     953 	.db #0x00	; 0
    0000038D 00                     954 	.db #0x00	; 0
    0000038E 00                     955 	.db #0x00	; 0
    0000038F 00                     956 	.db #0x00	; 0
    00000390 00                     957 	.db #0x00	; 0
    00000391 19                     958 	.db #0x19	; 25
    00000392 1A                     959 	.db #0x1a	; 26
    00000393 01                     960 	.db #0x01	; 1
    00000394 1F                     961 	.db #0x1f	; 31
    00000395 1C                     962 	.db #0x1c	; 28
    00000396 00                     963 	.db #0x00	; 0
    00000397 00                     964 	.db #0x00	; 0
    00000398 00                     965 	.db #0x00	; 0
    00000399 00                     966 	.db #0x00	; 0
    0000039A 00                     967 	.db #0x00	; 0
    0000039B 00                     968 	.db #0x00	; 0
    0000039C 00                     969 	.db #0x00	; 0
    0000039D 00                     970 	.db #0x00	; 0
    0000039E 21                     971 	.db #0x21	; 33
    0000039F 22                     972 	.db #0x22	; 34
    000003A0 47                     973 	.db #0x47	; 71	'G'
    000003A1 48                     974 	.db #0x48	; 72	'H'
    000003A2 00                     975 	.db #0x00	; 0
    000003A3 00                     976 	.db #0x00	; 0
    000003A4 00                     977 	.db #0x00	; 0
    000003A5 00                     978 	.db #0x00	; 0
    000003A6 00                     979 	.db #0x00	; 0
    000003A7 00                     980 	.db #0x00	; 0
    000003A8 00                     981 	.db #0x00	; 0
    000003A9 00                     982 	.db #0x00	; 0
    000003AA 00                     983 	.db #0x00	; 0
    000003AB 00                     984 	.db #0x00	; 0
    000003AC 00                     985 	.db #0x00	; 0
    000003AD 00                     986 	.db #0x00	; 0
    000003AE 00                     987 	.db #0x00	; 0
    000003AF 00                     988 	.db #0x00	; 0
    000003B0 00                     989 	.db #0x00	; 0
    000003B1 21                     990 	.db #0x21	; 33
    000003B2 22                     991 	.db #0x22	; 34
    000003B3 01                     992 	.db #0x01	; 1
    000003B4 1B                     993 	.db #0x1b	; 27
    000003B5 20                     994 	.db #0x20	; 32
    000003B6 00                     995 	.db #0x00	; 0
    000003B7 00                     996 	.db #0x00	; 0
    000003B8 00                     997 	.db #0x00	; 0
    000003B9 00                     998 	.db #0x00	; 0
    000003BA 00                     999 	.db #0x00	; 0
    000003BB 00                    1000 	.db #0x00	; 0
    000003BC 00                    1001 	.db #0x00	; 0
    000003BD 00                    1002 	.db #0x00	; 0
    000003BE 21                    1003 	.db #0x21	; 33
    000003BF 22                    1004 	.db #0x22	; 34
    000003C0 37                    1005 	.db #0x37	; 55	'7'
    000003C1 38                    1006 	.db #0x38	; 56	'8'
    000003C2 49                    1007 	.db #0x49	; 73	'I'
    000003C3 4A                    1008 	.db #0x4a	; 74	'J'
    000003C4 4B                    1009 	.db #0x4b	; 75	'K'
    000003C5 24                    1010 	.db #0x24	; 36
    000003C6 39                    1011 	.db #0x39	; 57	'9'
    000003C7 24                    1012 	.db #0x24	; 36
    000003C8 24                    1013 	.db #0x24	; 36
    000003C9 24                    1014 	.db #0x24	; 36
    000003CA 25                    1015 	.db #0x25	; 37
    000003CB 24                    1016 	.db #0x24	; 36
    000003CC 39                    1017 	.db #0x39	; 57	'9'
    000003CD 24                    1018 	.db #0x24	; 36
    000003CE 24                    1019 	.db #0x24	; 36
    000003CF 39                    1020 	.db #0x39	; 57	'9'
    000003D0 25                    1021 	.db #0x25	; 37
    000003D1 3A                    1022 	.db #0x3a	; 58
    000003D2 3B                    1023 	.db #0x3b	; 59
    000003D3 01                    1024 	.db #0x01	; 1
    000003D4 37                    1025 	.db #0x37	; 55	'7'
    000003D5 38                    1026 	.db #0x38	; 56	'8'
    000003D6 24                    1027 	.db #0x24	; 36
    000003D7 25                    1028 	.db #0x25	; 37
    000003D8 24                    1029 	.db #0x24	; 36
    000003D9 39                    1030 	.db #0x39	; 57	'9'
    000003DA 24                    1031 	.db #0x24	; 36
    000003DB 25                    1032 	.db #0x25	; 37
    000003DC 24                    1033 	.db #0x24	; 36
    000003DD 39                    1034 	.db #0x39	; 57	'9'
    000003DE 3A                    1035 	.db #0x3a	; 58
    000003DF 3B                    1036 	.db #0x3b	; 59
    000003E0 3C                    1037 	.db #0x3c	; 60
    000003E1 3D                    1038 	.db #0x3d	; 61
    000003E2 4C                    1039 	.db #0x4c	; 76	'L'
    000003E3 4D                    1040 	.db #0x4d	; 77	'M'
    000003E4 4E                    1041 	.db #0x4e	; 78	'N'
    000003E5 3E                    1042 	.db #0x3e	; 62
    000003E6 40                    1043 	.db #0x40	; 64
    000003E7 3E                    1044 	.db #0x3e	; 62
    000003E8 3E                    1045 	.db #0x3e	; 62
    000003E9 3E                    1046 	.db #0x3e	; 62
    000003EA 3F                    1047 	.db #0x3f	; 63
    000003EB 3E                    1048 	.db #0x3e	; 62
    000003EC 40                    1049 	.db #0x40	; 64
    000003ED 3E                    1050 	.db #0x3e	; 62
    000003EE 3E                    1051 	.db #0x3e	; 62
    000003EF 40                    1052 	.db #0x40	; 64
    000003F0 3F                    1053 	.db #0x3f	; 63
    000003F1 41                    1054 	.db #0x41	; 65	'A'
    000003F2 42                    1055 	.db #0x42	; 66	'B'
    000003F3 01                    1056 	.db #0x01	; 1
    000003F4 3C                    1057 	.db #0x3c	; 60
    000003F5 3D                    1058 	.db #0x3d	; 61
    000003F6 3E                    1059 	.db #0x3e	; 62
    000003F7 3F                    1060 	.db #0x3f	; 63
    000003F8 3E                    1061 	.db #0x3e	; 62
    000003F9 40                    1062 	.db #0x40	; 64
    000003FA 3E                    1063 	.db #0x3e	; 62
    000003FB 3F                    1064 	.db #0x3f	; 63
    000003FC 3E                    1065 	.db #0x3e	; 62
    000003FD 40                    1066 	.db #0x40	; 64
    000003FE 41                    1067 	.db #0x41	; 65	'A'
    000003FF 42                    1068 	.db #0x42	; 66	'B'
                                   1069 	.area _INITIALIZER
                                   1070 	.area _CABS (ABS)
