                                      1 ;--------------------------------------------------------
                                      2 ; File Created by SDCC : free open source ISO C Compiler 
                                      3 ; Version 4.4.1 #14650 (Linux)
                                      4 ;--------------------------------------------------------
                                      5 	.module sprite_blob
                                      6 	.optsdcc -msm83
                                      7 	
                                      8 ;--------------------------------------------------------
                                      9 ; Public variables in this module
                                     10 ;--------------------------------------------------------
                                     11 	.globl _blob
                                     12 ;--------------------------------------------------------
                                     13 ; special function registers
                                     14 ;--------------------------------------------------------
                                     15 ;--------------------------------------------------------
                                     16 ; ram data
                                     17 ;--------------------------------------------------------
                                     18 	.area _DATA
                                     19 ;--------------------------------------------------------
                                     20 ; ram data
                                     21 ;--------------------------------------------------------
                                     22 	.area _INITIALIZED
                                     23 ;--------------------------------------------------------
                                     24 ; absolute external ram data
                                     25 ;--------------------------------------------------------
                                     26 	.area _DABS (ABS)
                                     27 ;--------------------------------------------------------
                                     28 ; global & static initialisations
                                     29 ;--------------------------------------------------------
                                     30 	.area _HOME
                                     31 	.area _GSINIT
                                     32 	.area _GSFINAL
                                     33 	.area _GSINIT
                                     34 ;--------------------------------------------------------
                                     35 ; Home
                                     36 ;--------------------------------------------------------
                                     37 	.area _HOME
                                     38 	.area _HOME
                                     39 ;--------------------------------------------------------
                                     40 ; code
                                     41 ;--------------------------------------------------------
                                     42 	.area _CODE
                                     43 	.area _CODE
    00000000                         44 _blob:
    00000000 18                      45 	.db #0x18	; 24
    00000001 18                      46 	.db #0x18	; 24
    00000002 3C                      47 	.db #0x3c	; 60
    00000003 3C                      48 	.db #0x3c	; 60
    00000004 7E                      49 	.db #0x7e	; 126
    00000005 7E                      50 	.db #0x7e	; 126
    00000006 FF                      51 	.db #0xff	; 255
    00000007 FF                      52 	.db #0xff	; 255
    00000008 FF                      53 	.db #0xff	; 255
    00000009 FF                      54 	.db #0xff	; 255
    0000000A 7E                      55 	.db #0x7e	; 126
    0000000B 7E                      56 	.db #0x7e	; 126
    0000000C 3C                      57 	.db #0x3c	; 60
    0000000D 3C                      58 	.db #0x3c	; 60
    0000000E 18                      59 	.db #0x18	; 24
    0000000F 18                      60 	.db #0x18	; 24
                                     61 	.area _INITIALIZER
                                     62 	.area _CABS (ABS)
