                                      1 ;--------------------------------------------------------
                                      2 ; File Created by SDCC : free open source ISO C Compiler 
                                      3 ; Version 4.4.1 #14650 (Linux)
                                      4 ;--------------------------------------------------------
                                      5 	.module sprite_blob
                                      6 	.optsdcc -msm83
                                      7 	
                                      8 ;--------------------------------------------------------
                                      9 ; Public variables in this module
                                     10 ;--------------------------------------------------------
                                     11 	.globl _bg1
                                     12 	.globl _blob
                                     13 ;--------------------------------------------------------
                                     14 ; special function registers
                                     15 ;--------------------------------------------------------
                                     16 ;--------------------------------------------------------
                                     17 ; ram data
                                     18 ;--------------------------------------------------------
                                     19 	.area _DATA
                                     20 ;--------------------------------------------------------
                                     21 ; ram data
                                     22 ;--------------------------------------------------------
                                     23 	.area _INITIALIZED
                                     24 ;--------------------------------------------------------
                                     25 ; absolute external ram data
                                     26 ;--------------------------------------------------------
                                     27 	.area _DABS (ABS)
                                     28 ;--------------------------------------------------------
                                     29 ; global & static initialisations
                                     30 ;--------------------------------------------------------
                                     31 	.area _HOME
                                     32 	.area _GSINIT
                                     33 	.area _GSFINAL
                                     34 	.area _GSINIT
                                     35 ;--------------------------------------------------------
                                     36 ; Home
                                     37 ;--------------------------------------------------------
                                     38 	.area _HOME
                                     39 	.area _HOME
                                     40 ;--------------------------------------------------------
                                     41 ; code
                                     42 ;--------------------------------------------------------
                                     43 	.area _CODE
                                     44 	.area _CODE
                         00000000    45 G$blob$0_0$0 == .
    00000000                         46 _blob:
    00000000 18                      47 	.db #0x18	; 24
    00000001 18                      48 	.db #0x18	; 24
    00000002 3C                      49 	.db #0x3c	; 60
    00000003 3C                      50 	.db #0x3c	; 60
    00000004 7E                      51 	.db #0x7e	; 126
    00000005 7E                      52 	.db #0x7e	; 126
    00000006 FF                      53 	.db #0xff	; 255
    00000007 FF                      54 	.db #0xff	; 255
    00000008 FF                      55 	.db #0xff	; 255
    00000009 FF                      56 	.db #0xff	; 255
    0000000A 7E                      57 	.db #0x7e	; 126
    0000000B 7E                      58 	.db #0x7e	; 126
    0000000C 3C                      59 	.db #0x3c	; 60
    0000000D 3C                      60 	.db #0x3c	; 60
    0000000E 18                      61 	.db #0x18	; 24
    0000000F 18                      62 	.db #0x18	; 24
                         00000010    63 G$bg1$0_0$0 == .
    00000010                         64 _bg1:
    00000010 18                      65 	.db #0x18	; 24
    00000011 18                      66 	.db #0x18	; 24
    00000012 00                      67 	.db #0x00	; 0
    00000013 00                      68 	.db #0x00	; 0
    00000014 00                      69 	.db #0x00	; 0
    00000015 00                      70 	.db #0x00	; 0
    00000016 00                      71 	.db #0x00	; 0
    00000017 00                      72 	.db #0x00	; 0
    00000018 18                      73 	.db #0x18	; 24
    00000019 18                      74 	.db #0x18	; 24
    0000001A 00                      75 	.db #0x00	; 0
    0000001B 00                      76 	.db #0x00	; 0
    0000001C 00                      77 	.db #0x00	; 0
    0000001D 00                      78 	.db #0x00	; 0
    0000001E 00                      79 	.db #0x00	; 0
    0000001F 00                      80 	.db #0x00	; 0
                                     81 	.area _INITIALIZER
                                     82 	.area _CABS (ABS)
